<?xml version="1.0" encoding="UTF-8"?>
<testng-results skipped="0" failed="1" ignored="0" total="3" passed="2">
  <reporter-output>
  </reporter-output>
  <suite name="Suite" duration-ms="26130" started-at="2018-04-02T10:46:24Z" finished-at="2018-04-02T10:46:50Z">
    <groups>
    </groups>
    <test name="IETestCase" duration-ms="5980" started-at="2018-04-02T10:46:24Z" finished-at="2018-04-02T10:46:30Z">
      <class name="com.Cross_Browser_Testing.CrossBroserTesting">
        <test-method status="FAIL" signature="verifythetitle(java.lang.String)[pri:0, instance:com.Cross_Browser_Testing.CrossBroserTesting@3ffc5af1]" name="verifythetitle" duration-ms="5951" started-at="2018-04-02T16:16:24Z" finished-at="2018-04-02T16:16:30Z">
          <params>
            <param index="0">
              <value>
                <![CDATA[IE]]>
              </value>
            </param>
          </params>
          <exception class="org.openqa.selenium.NoSuchWindowException">
            <message>
              <![CDATA[Unable to get browser
Build info: version: '3.7.1', revision: '8a0099a', time: '2017-11-06T21:07:31.527Z'
System info: host: 'DESKTOP-RTOV87Q', ip: '192.168.0.100', os.name: 'Windows 10', os.arch: 'amd64', os.version: '10.0', java.version: '1.8.0_151'
Driver info: org.openqa.selenium.ie.InternetExplorerDriver
Capabilities {acceptInsecureCerts: false, browserName: internet explorer, browserVersion: 11, javascriptEnabled: true, pageLoadStrategy: normal, platform: WINDOWS, platformName: WINDOWS, se:ieOptions: {browserAttachTimeout: 0, elementScrollBehavior: 0, enablePersistentHover: true, ie.browserCommandLineSwitches: , ie.ensureCleanSession: false, ie.fileUploadDialogTimeout: 3000, ie.forceCreateProcessApi: false, ignoreProtectedModeSettings: false, ignoreZoomSetting: false, initialBrowserUrl: http://localhost:8945/, nativeEvents: true, requireWindowFocus: false}, setWindowRect: true}
Session ID: a5c2372c-e699-44fc-9847-e642c4382fa8]]>
            </message>
            <full-stacktrace>
              <![CDATA[org.openqa.selenium.NoSuchWindowException: Unable to get browser
Build info: version: '3.7.1', revision: '8a0099a', time: '2017-11-06T21:07:31.527Z'
System info: host: 'DESKTOP-RTOV87Q', ip: '192.168.0.100', os.name: 'Windows 10', os.arch: 'amd64', os.version: '10.0', java.version: '1.8.0_151'
Driver info: org.openqa.selenium.ie.InternetExplorerDriver
Capabilities {acceptInsecureCerts: false, browserName: internet explorer, browserVersion: 11, javascriptEnabled: true, pageLoadStrategy: normal, platform: WINDOWS, platformName: WINDOWS, se:ieOptions: {browserAttachTimeout: 0, elementScrollBehavior: 0, enablePersistentHover: true, ie.browserCommandLineSwitches: , ie.ensureCleanSession: false, ie.fileUploadDialogTimeout: 3000, ie.forceCreateProcessApi: false, ignoreProtectedModeSettings: false, ignoreZoomSetting: false, initialBrowserUrl: http://localhost:8945/, nativeEvents: true, requireWindowFocus: false}, setWindowRect: true}
Session ID: a5c2372c-e699-44fc-9847-e642c4382fa8
	at sun.reflect.NativeConstructorAccessorImpl.newInstance0(Native Method)
	at sun.reflect.NativeConstructorAccessorImpl.newInstance(Unknown Source)
	at sun.reflect.DelegatingConstructorAccessorImpl.newInstance(Unknown Source)
	at java.lang.reflect.Constructor.newInstance(Unknown Source)
	at org.openqa.selenium.remote.http.W3CHttpResponseCodec.createException(W3CHttpResponseCodec.java:187)
	at org.openqa.selenium.remote.http.W3CHttpResponseCodec.decode(W3CHttpResponseCodec.java:122)
	at org.openqa.selenium.remote.http.W3CHttpResponseCodec.decode(W3CHttpResponseCodec.java:49)
	at org.openqa.selenium.remote.HttpCommandExecutor.execute(HttpCommandExecutor.java:164)
	at org.openqa.selenium.remote.service.DriverCommandExecutor.execute(DriverCommandExecutor.java:83)
	at org.openqa.selenium.remote.RemoteWebDriver.execute(RemoteWebDriver.java:600)
	at org.openqa.selenium.remote.RemoteWebDriver.execute(RemoteWebDriver.java:657)
	at org.openqa.selenium.ie.InternetExplorerDriver.getScreenshotAs(InternetExplorerDriver.java:235)
	at com.Cross_Browser_Testing.CrossBroserTesting.verifythetitle(CrossBroserTesting.java:43)
	at sun.reflect.NativeMethodAccessorImpl.invoke0(Native Method)
	at sun.reflect.NativeMethodAccessorImpl.invoke(Unknown Source)
	at sun.reflect.DelegatingMethodAccessorImpl.invoke(Unknown Source)
	at java.lang.reflect.Method.invoke(Unknown Source)
	at org.testng.internal.MethodInvocationHelper.invokeMethod(MethodInvocationHelper.java:108)
	at org.testng.internal.Invoker.invokeMethod(Invoker.java:669)
	at org.testng.internal.Invoker.invokeTestMethod(Invoker.java:877)
	at org.testng.internal.Invoker.invokeTestMethods(Invoker.java:1201)
	at org.testng.internal.TestMethodWorker.invokeTestMethods(TestMethodWorker.java:125)
	at org.testng.internal.TestMethodWorker.run(TestMethodWorker.java:109)
	at org.testng.TestRunner.privateRun(TestRunner.java:776)
	at org.testng.TestRunner.run(TestRunner.java:634)
	at org.testng.SuiteRunner.runTest(SuiteRunner.java:425)
	at org.testng.SuiteRunner.access$000(SuiteRunner.java:40)
	at org.testng.SuiteRunner$SuiteWorker.run(SuiteRunner.java:459)
	at org.testng.internal.thread.ThreadUtil$1.call(ThreadUtil.java:52)
	at java.util.concurrent.FutureTask.run(Unknown Source)
	at java.util.concurrent.ThreadPoolExecutor.runWorker(Unknown Source)
	at java.util.concurrent.ThreadPoolExecutor$Worker.run(Unknown Source)
	at java.lang.Thread.run(Unknown Source)
]]>
            </full-stacktrace>
          </exception> <!-- org.openqa.selenium.NoSuchWindowException -->
          <reporter-output>
          </reporter-output>
        </test-method> <!-- verifythetitle -->
      </class> <!-- com.Cross_Browser_Testing.CrossBroserTesting -->
    </test> <!-- IETestCase -->
    <test name="ChromeTestCase" duration-ms="20048" started-at="2018-04-02T10:46:24Z" finished-at="2018-04-02T10:46:44Z">
      <class name="com.Cross_Browser_Testing.CrossBroserTesting">
        <test-method status="PASS" signature="verifythetitle(java.lang.String)[pri:0, instance:com.Cross_Browser_Testing.CrossBroserTesting@59fa1d9b]" name="verifythetitle" duration-ms="19990" started-at="2018-04-02T16:16:24Z" finished-at="2018-04-02T16:16:44Z">
          <params>
            <param index="0">
              <value>
                <![CDATA[chrome]]>
              </value>
            </param>
          </params>
          <reporter-output>
          </reporter-output>
        </test-method> <!-- verifythetitle -->
      </class> <!-- com.Cross_Browser_Testing.CrossBroserTesting -->
    </test> <!-- ChromeTestCase -->
    <test name="FirefoxTestCase" duration-ms="26130" started-at="2018-04-02T10:46:24Z" finished-at="2018-04-02T10:46:50Z">
      <class name="com.Cross_Browser_Testing.CrossBroserTesting">
        <test-method status="PASS" signature="verifythetitle(java.lang.String)[pri:0, instance:com.Cross_Browser_Testing.CrossBroserTesting@7c16905e]" name="verifythetitle" duration-ms="26095" started-at="2018-04-02T16:16:24Z" finished-at="2018-04-02T16:16:50Z">
          <params>
            <param index="0">
              <value>
                <![CDATA[firefox]]>
              </value>
            </param>
          </params>
          <reporter-output>
          </reporter-output>
        </test-method> <!-- verifythetitle -->
      </class> <!-- com.Cross_Browser_Testing.CrossBroserTesting -->
    </test> <!-- FirefoxTestCase -->
  </suite> <!-- Suite -->
</testng-results>
